
Showing logs for build [32mcb-kubecd-environment-pr-244-2-mz9gz-1[0m stage [32mfrom-build-pack[0m and container [32mstep-credential-initializer-4b4gd[0m
{"level":"info","ts":1593171582.0314648,"logger":"fallback-logger","caller":"logging/config.go:69","msg":"Fetch GitHub commit ID from kodata failed: open /var/run/ko/refs/heads/0.8.0-ns-support: no such file or directory"}
{"level":"info","ts":1593171582.032375,"logger":"fallback-logger","caller":"creds-init/main.go:40","msg":"Credentials initialized."}

Showing logs for build [32mcb-kubecd-environment-pr-244-2-mz9gz-1[0m stage [32mfrom-build-pack[0m and container [32mstep-working-dir-initializer-mdrrj[0m
{"level":"info","ts":1593171583.0679944,"logger":"fallback-logger","caller":"logging/config.go:69","msg":"Fetch GitHub commit ID from kodata failed: open /var/run/ko/HEAD: no such file or directory"}
{"level":"info","ts":1593171583.0710402,"logger":"fallback-logger","caller":"bash/main.go:64","msg":"Successfully executed command \"sh -c mkdir -p /workspace/source\"; output "}

Showing logs for build [32mcb-kubecd-environment-pr-244-2-mz9gz-1[0m stage [32mfrom-build-pack[0m and container [32mstep-place-tools[0m

Showing logs for build [32mcb-kubecd-environment-pr-244-2-mz9gz-1[0m stage [32mfrom-build-pack[0m and container [32mstep-git-source-cb-kubecd-environment-pr-244-2-mz9gz-k6h6v[0m
{"level":"info","ts":1593171611.1675498,"logger":"fallback-logger","caller":"logging/config.go:69","msg":"Fetch GitHub commit ID from kodata failed: open /var/run/ko/refs/heads/0.8.0-ns-support: no such file or directory"}
{"level":"info","ts":1593171612.2111757,"logger":"fallback-logger","caller":"git/git.go:103","msg":"Successfully cloned https://github.com/cb-kubecd/environment-pr-244-2-boot-vault-gke-staging.git @ master in path /workspace/source"}

Showing logs for build [32mcb-kubecd-environment-pr-244-2-mz9gz-1[0m stage [32mfrom-build-pack[0m and container [32mstep-git-merge[0m
Using SHAs from PULL_REFS=master:3daa1e3d5dad725feb047eb16f0d7befc6c7f0a9,1:d875aabc28f407a0a146b28fbe0542c3c3361a4a
DEBUG: LC_ALL=C JX_LOG_LEVEL=error git fetch origin --unshallow d875aabc28f407a0a146b28fbe0542c3c3361a4a: 3daa1e3d5dad725feb047eb16f0d7befc6c7f0a9:
DEBUG: ran git fetch --unshallow origin d875aabc28f407a0a146b28fbe0542c3c3361a4a: 3daa1e3d5dad725feb047eb16f0d7befc6c7f0a9: in 
DEBUG: LC_ALL=C JX_LOG_LEVEL=error git branch
DEBUG: LC_ALL=C JX_LOG_LEVEL=error git checkout master
DEBUG: ran git checkout master in 
DEBUG: LC_ALL=C JX_LOG_LEVEL=error git reset --hard 3daa1e3d5dad725feb047eb16f0d7befc6c7f0a9
DEBUG: ran git reset --hard 3daa1e3d5dad725feb047eb16f0d7befc6c7f0a9 in 
DEBUG: LC_ALL=C JX_LOG_LEVEL=error git clean -fd .
DEBUG: ran clean --force -d . in 
DEBUG: LC_ALL=C JX_LOG_LEVEL=error git merge d875aabc28f407a0a146b28fbe0542c3c3361a4a
DEBUG: ran git merge d875aabc28f407a0a146b28fbe0542c3c3361a4a in 
DEBUG: LC_ALL=C JX_LOG_LEVEL=error git log --format=%H%x1f%an%x1f%ae%x1f%cn%x1f%ce%x1f%s%n%b%x1e 3daa1e3d5dad725feb047eb16f0d7befc6c7f0a9..HEAD
Merged SHA d875aabc28f407a0a146b28fbe0542c3c3361a4a with commit message 'chore: Promote bdd-spring-1593171113 to version 0.0.1' into base branch master

Showing logs for build [32mcb-kubecd-environment-pr-244-2-mz9gz-1[0m stage [32mfrom-build-pack[0m and container [32mstep-build-helm-build[0m
WARNING: No $CHART_REPOSITORY defined so using the default value of: http://jenkins-x-chartmuseum:8080
Adding missing Helm repo: storage.googleapis.com https://storage.googleapis.com/chartmuseum.jenkins-x.io
WARNING: No secrets found on "helm/repos" due: reading the secret "helm/repos" from vault: no secret "helm/repos" not found in vault
Read credentials for https://storage.googleapis.com/chartmuseum.jenkins-x.io from vault helm/repos
Successfully added Helm repository storage.googleapis.com.
Adding missing Helm repo: jenkins-x-chartmuseum http://jenkins-x-chartmuseum:8080
WARNING: No secrets found on "helm/repos" due: reading the secret "helm/repos" from vault: no secret "helm/repos" not found in vault
Read credentials for http://jenkins-x-chartmuseum:8080 from vault helm/repos
Successfully added Helm repository jenkins-x-chartmuseum.
WARNING: No $CHART_REPOSITORY defined so using the default value of: http://jenkins-x-chartmuseum:8080
Adding missing Helm repo: chartmuseum.jenkins-x.io http://chartmuseum.jenkins-x.io
WARNING: No secrets found on "helm/repos" due: reading the secret "helm/repos" from vault: no secret "helm/repos" not found in vault
Read credentials for http://chartmuseum.jenkins-x.io from vault helm/repos
Successfully added Helm repository chartmuseum.jenkins-x.io.
