
Showing logs for build [32mcb-kubecd-environment-pr-244-2-k7fxm-1[0m stage [32mfrom-build-pack[0m and container [32mstep-credential-initializer-w76ft[0m
{"level":"info","ts":1593173196.1414757,"logger":"fallback-logger","caller":"logging/config.go:69","msg":"Fetch GitHub commit ID from kodata failed: open /var/run/ko/refs/heads/0.8.0-ns-support: no such file or directory"}
{"level":"info","ts":1593173196.141997,"logger":"fallback-logger","caller":"creds-init/main.go:40","msg":"Credentials initialized."}

Showing logs for build [32mcb-kubecd-environment-pr-244-2-k7fxm-1[0m stage [32mfrom-build-pack[0m and container [32mstep-working-dir-initializer-w8vff[0m
{"level":"info","ts":1593173196.9649482,"logger":"fallback-logger","caller":"logging/config.go:69","msg":"Fetch GitHub commit ID from kodata failed: open /var/run/ko/HEAD: no such file or directory"}
{"level":"info","ts":1593173196.9666834,"logger":"fallback-logger","caller":"bash/main.go:64","msg":"Successfully executed command \"sh -c mkdir -p /workspace/source\"; output "}

Showing logs for build [32mcb-kubecd-environment-pr-244-2-k7fxm-1[0m stage [32mfrom-build-pack[0m and container [32mstep-place-tools[0m

Showing logs for build [32mcb-kubecd-environment-pr-244-2-k7fxm-1[0m stage [32mfrom-build-pack[0m and container [32mstep-git-source-cb-kubecd-environment-pr-244-2-k7fxm-2v7rt[0m
{"level":"info","ts":1593173202.1074512,"logger":"fallback-logger","caller":"logging/config.go:69","msg":"Fetch GitHub commit ID from kodata failed: open /var/run/ko/refs/heads/0.8.0-ns-support: no such file or directory"}
{"level":"info","ts":1593173203.1799064,"logger":"fallback-logger","caller":"git/git.go:103","msg":"Successfully cloned https://github.com/cb-kubecd/environment-pr-244-2-boot-vault-gke-staging.git @ master in path /workspace/source"}

Showing logs for build [32mcb-kubecd-environment-pr-244-2-k7fxm-1[0m stage [32mfrom-build-pack[0m and container [32mstep-git-merge[0m
Using SHAs from PULL_REFS=master:bf24a966ea3b07d6b134aeb05ba95c0e923cb25e,2:cfde1a2c6c4e0f397edc784a401ac884a64cce52
DEBUG: LC_ALL=C JX_LOG_LEVEL=error git fetch origin --unshallow cfde1a2c6c4e0f397edc784a401ac884a64cce52: bf24a966ea3b07d6b134aeb05ba95c0e923cb25e:
DEBUG: ran git fetch --unshallow origin cfde1a2c6c4e0f397edc784a401ac884a64cce52: bf24a966ea3b07d6b134aeb05ba95c0e923cb25e: in 
DEBUG: JX_LOG_LEVEL=error LC_ALL=C git branch
DEBUG: LC_ALL=C JX_LOG_LEVEL=error git checkout master
DEBUG: ran git checkout master in 
DEBUG: LC_ALL=C JX_LOG_LEVEL=error git reset --hard bf24a966ea3b07d6b134aeb05ba95c0e923cb25e
DEBUG: ran git reset --hard bf24a966ea3b07d6b134aeb05ba95c0e923cb25e in 
DEBUG: LC_ALL=C JX_LOG_LEVEL=error git clean -fd .
DEBUG: ran clean --force -d . in 
DEBUG: LC_ALL=C JX_LOG_LEVEL=error git merge cfde1a2c6c4e0f397edc784a401ac884a64cce52
DEBUG: ran git merge cfde1a2c6c4e0f397edc784a401ac884a64cce52 in 
DEBUG: LC_ALL=C JX_LOG_LEVEL=error git log --format=%H%x1f%an%x1f%ae%x1f%cn%x1f%ce%x1f%s%n%b%x1e bf24a966ea3b07d6b134aeb05ba95c0e923cb25e..HEAD
Merged SHA cfde1a2c6c4e0f397edc784a401ac884a64cce52 with commit message 'chore: Promote bdd-nh-1593172805 to version 0.0.1' into base branch master

Showing logs for build [32mcb-kubecd-environment-pr-244-2-k7fxm-1[0m stage [32mfrom-build-pack[0m and container [32mstep-build-helm-build[0m
WARNING: No $CHART_REPOSITORY defined so using the default value of: http://jenkins-x-chartmuseum:8080
Adding missing Helm repo: storage.googleapis.com https://storage.googleapis.com/chartmuseum.jenkins-x.io
WARNING: No secrets found on "helm/repos" due: reading the secret "helm/repos" from vault: no secret "helm/repos" not found in vault
Read credentials for https://storage.googleapis.com/chartmuseum.jenkins-x.io from vault helm/repos
Successfully added Helm repository storage.googleapis.com.
Adding missing Helm repo: jenkins-x-chartmuseum http://jenkins-x-chartmuseum:8080
WARNING: No secrets found on "helm/repos" due: reading the secret "helm/repos" from vault: no secret "helm/repos" not found in vault
Read credentials for http://jenkins-x-chartmuseum:8080 from vault helm/repos
Successfully added Helm repository jenkins-x-chartmuseum.
WARNING: No $CHART_REPOSITORY defined so using the default value of: http://jenkins-x-chartmuseum:8080
Adding missing Helm repo: chartmuseum.jenkins-x.io http://chartmuseum.jenkins-x.io
WARNING: No secrets found on "helm/repos" due: reading the secret "helm/repos" from vault: no secret "helm/repos" not found in vault
Read credentials for http://chartmuseum.jenkins-x.io from vault helm/repos
Successfully added Helm repository chartmuseum.jenkins-x.io.
